2018-12-28 18:13:27,970 DEBUG [Main.lambda$run$0] Arguments: [-ioc, \\VBOXSVR\bridge\STEVAL-SPIN3201-BullRunning-Encoder-B\STEVAL-SPIN3201-BullRunning-Encoder-B.ioc, -xdm, \\VBOXSVR\bridge\STEVAL-SPIN3201-BullRunning-Encoder-B\STEVAL-SPIN3201-BullRunning-Encoder-B.wb_def]
2018-12-28 18:13:28,016 DEBUG [ArgsValue.readPropertiesFile] [AppConfig] pack.source = "C:\Program Files (x86)\STMicroelectronics\MC_SDK_5.2.0\Middlewares\ST\MotorControl" 
2018-12-28 18:13:28,016 DEBUG [ArgsValue.readPropertiesFile] [UserConfig] do not exist in "C:\Users\q\.st_motor_control\wb2mx.properties" 
2018-12-28 18:13:28,016 DEBUG [ArgsValue.getConfigProperties] pack.source = "../../../../Middlewares/ST/MotorControl"
2018-12-28 18:13:28,032 DEBUG [ArgsValue.lambda$retrieve$2] CLI_ARG[xdm]: \\VBOXSVR\bridge\STEVAL-SPIN3201-BullRunning-Encoder-B\STEVAL-SPIN3201-BullRunning-Encoder-B.wb_def
2018-12-28 18:13:28,032 DEBUG [ArgsValue.lambda$retrieve$2] CLI_ARG[ioc]: \\VBOXSVR\bridge\STEVAL-SPIN3201-BullRunning-Encoder-B\STEVAL-SPIN3201-BullRunning-Encoder-B.ioc
2018-12-28 18:13:28,032 DEBUG [ArgsValue.retrieve] {xdm=\\VBOXSVR\bridge\STEVAL-SPIN3201-BullRunning-Encoder-B\STEVAL-SPIN3201-BullRunning-Encoder-B.wb_def, updftl=templates/wb_ioc_mc-middleware.ftl, mx_timeout=-1, exp=templates/wb-defines_where_and_what.txt, ioc=\\VBOXSVR\bridge\STEVAL-SPIN3201-BullRunning-Encoder-B\STEVAL-SPIN3201-BullRunning-Encoder-B.ioc, pack=../../../../Middlewares/ST/MotorControl, ftl=templates/wb_ioc_template.ftl}
2018-12-28 18:13:28,110 DEBUG [WindowsCubeMxFinder.lambda$findThem$2] Found 32-bit subkey HKEY_LOCAL_MACHINE\~~~\Uninstall\STM32CubeMX
2018-12-28 18:13:28,126 DEBUG [CubeMxCtx.EXE_version] Loaded path: 'C:\Program Files (x86)\STMicroelectronics\STM32Cube\STM32CubeMX\STM32CubeMX.exe'
2018-12-28 18:13:28,126 DEBUG [CubeMxCtx.EXE_version] Loaded updater jar: 'C:\Program Files (x86)\STMicroelectronics\STM32Cube\STM32CubeMX\plugins\updater.jar'
2018-12-28 18:13:35,468 DEBUG [EnvironmentChecker.checkPack] STM32CubeMX.Version: 4.27.0-RC4
2018-12-28 18:13:36,111 DEBUG [EnvironmentChecker.checkPack] Waiting for updater to end working process
2018-12-28 18:13:48,586 DEBUG [EnvironmentChecker.checkPack] Updater now available
2018-12-28 18:13:48,600 DEBUG [RetrieveFirmwareVersion.from_PackConfig_xfile] Looking for version from MotorControl_Configs.xml: C:\Program Files (x86)\STMicroelectronics\MC_SDK_5.2.0\Middlewares\ST\MotorControl\MotorControl_Configs.xml
2018-12-28 18:13:48,646 DEBUG [RetrieveFirmwareVersion.minimum_supporte_version] minimum_supporte_version MotorControlFirmware.Version: 5.2.0
2018-12-28 18:13:48,646 DEBUG [EnvironmentChecker.deploy_MCPack_to_MxRepo] Deployment strategy class: VersionedFolderStyle_MCPackDeployer
2018-12-28 18:13:48,646 DEBUG [EnvironmentChecker.deploy_MCPack_to_MxRepo] Expected MC Pack 5.2.0 already deployed
2018-12-28 18:13:48,715 DEBUG [DataSetUpdater.update] Updating data set
2018-12-28 18:13:48,715 DEBUG [DataSetUpdater.update] Update done
2018-12-28 18:13:48,715 INFO  [IocGenerator.logModulesVersionInfo] Version info: 
2018-12-28 18:13:48,730 INFO  [IocGenerator.logModulesVersionInfo]   MC Workbench       : 5.2.0.18503
2018-12-28 18:13:48,760 INFO  [IocGenerator.logModulesVersionInfo]   WB_to_Mx           : 0.13.3.template-18-08-02
2018-12-28 18:13:48,774 INFO  [IocGenerator.logModulesVersionInfo]   STM32CubeMX        : 4.27.0
2018-12-28 18:13:48,788 INFO  [IocGenerator.logModulesVersionInfo]   MC Firmware Library: 5.2.0
2018-12-28 18:13:48,803 INFO  [IocGenerator.logModulesVersionInfo] Generation options: 
2018-12-28 18:13:48,818 INFO  [IocGenerator.logModulesVersionInfo]   Target Toolchain   : ST SW4 STM32
2018-12-28 18:13:48,832 INFO  [IocGenerator.logModulesVersionInfo]   Target Driver      : HAL - Hardware Abstraction Layer

2018-12-28 18:13:48,846 DEBUG [IocGenerator.process] Generating ioc file: \\VBOXSVR\bridge\STEVAL-SPIN3201-BullRunning-Encoder-B\STEVAL-SPIN3201-BullRunning-Encoder-B.ioc
2018-12-28 18:13:48,876 DEBUG [IocGenerator.createOutput] Generating file from template templates\wb_ioc_template.ftl
2018-12-28 18:14:21,790 DEBUG [IocGenerator.process] Generated ioc file \\VBOXSVR\bridge\STEVAL-SPIN3201-BullRunning-Encoder-B\STEVAL-SPIN3201-BullRunning-Encoder-B.ioc
2018-12-28 18:14:21,855 INFO  [LineInfo_to_exitCode.log_LineInfo] Generated ioc: \\VBOXSVR\bridge\STEVAL-SPIN3201-BullRunning-Encoder-B\STEVAL-SPIN3201-BullRunning-Encoder-B.ioc
2018-12-28 18:14:23,040 INFO  [Wb2MxProcess.lambda$create_extSettings_file_in$82c805cd$1] Generated \\VBOXSVR\bridge\STEVAL-SPIN3201-BullRunning-Encoder-B\.extSettings
2018-12-28 18:14:24,638 DEBUG [CubeMxRunner.create_code_generation_script_for] Generated CubeMx script file: C:\Users\q\AppData\Local\Temp\WB_to_Mx-stevalspinbullrunningencoderb-6587813044820872698.script
2018-12-28 18:14:25,261 DEBUG [SignalCatcher.listenTo] Listen to signal INT
2018-12-28 18:14:25,353 DEBUG [SignalCatcher.listenTo] Listen to signal TERM
2018-12-28 18:14:25,609 INFO  [CubeMxRunner.run$] Code generation started
2018-12-28 18:14:35,118 DEBUG [LineInfo_to_exitCode.log_LineInfo] 2018-12-28 18:14:35,068 [INFO] MicroXplorer:482 - Detected Java Version = 1.8.0_181
2018-12-28 18:14:35,264 DEBUG [LineInfo_to_exitCode.log_LineInfo] 2018-12-28 18:14:35,188 [INFO] ApplicationProperties:181 - Using Application install path: C:\Program Files (x86)\STMicroelectronics\STM32Cube\STM32CubeMX
2018-12-28 18:14:35,656 DEBUG [LineInfo_to_exitCode.log_LineInfo] 2018-12-28 18:14:35,638 [INFO] DbMcusXml:68 - Set database path to: C:\Program Files (x86)\STMicroelectronics\STM32Cube\STM32CubeMX\\db\/mcu/
2018-12-28 18:14:35,817 DEBUG [LineInfo_to_exitCode.log_LineInfo] 2018-12-28 18:14:35,724 [INFO] DbBoardsPdsc:54 - Set plugin database path to: C:\Program Files (x86)\STMicroelectronics\STM32Cube\STM32CubeMX\\db\/plugins/boardmanager/
2018-12-28 18:14:35,817 DEBUG [LineInfo_to_exitCode.log_LineInfo] 2018-12-28 18:14:35,724 [INFO] DbMcus:256 - Set plugin images path to: C:\Program Files (x86)\STMicroelectronics\STM32Cube\STM32CubeMX\\db\/plugins/mcufinder/images/
2018-12-28 18:14:35,836 DEBUG [LineInfo_to_exitCode.log_LineInfo] 2018-12-28 18:14:35,740 [INFO] DbBoards:230 - Set plugin images path to: C:\Program Files (x86)\STMicroelectronics\STM32Cube\STM32CubeMX\\db\/plugins/mcufinder/images/
2018-12-28 18:14:35,897 DEBUG [LineInfo_to_exitCode.log_LineInfo] 2018-12-28 18:14:35,764 [INFO] APIGFXSelector:72 - Set database path to: C:\Program Files (x86)\STMicroelectronics\STM32Cube\STM32CubeMX\\db\/plugins/mcufinder/mcu/
2018-12-28 18:14:36,055 DEBUG [LineInfo_to_exitCode.log_LineInfo] 2018-12-28 18:14:36,055 [INFO] DbMcusAds:72 - Set database path to: C:\Users\q\.stmcufinder\plugins\mcufinder//mcu/
2018-12-28 18:14:36,178 DEBUG [LineInfo_to_exitCode.log_LineInfo] 2018-12-28 18:14:36,055 [INFO] DbMcusDocs:86 - Set database path to: C:\Users\q\.stmcufinder\plugins\mcufinder//mcu/
2018-12-28 18:14:36,178 DEBUG [LineInfo_to_exitCode.log_LineInfo] 2018-12-28 18:14:36,075 [INFO] DbMcusJson:58 - Set database path to: C:\Users\q\.stmcufinder\plugins\mcufinder//mcu/
2018-12-28 18:14:36,178 DEBUG [LineInfo_to_exitCode.log_LineInfo] 2018-12-28 18:14:36,095 [INFO] DbBoardsDocs:78 - Set database path to: C:\Users\q\.stmcufinder\plugins\mcufinder//mcu/
2018-12-28 18:14:36,178 DEBUG [LineInfo_to_exitCode.log_LineInfo] 2018-12-28 18:14:36,138 [INFO] DbBoardsJson:51 - Set database path to: C:\Users\q\.stmcufinder\plugins\mcufinder//mcu/
2018-12-28 18:14:40,699 DEBUG [LineInfo_to_exitCode.log_LineInfo] 2018-12-28 18:14:40,699 [INFO] RulesReader:53 - Compatibility file has been processed (125 Rules)
2018-12-28 18:14:41,495 DEBUG [LineInfo_to_exitCode.log_LineInfo] 2018-12-28 18:14:41,495 [INFO] STM32CubeMX:30 - Starting STM32CubeMX
2018-12-28 18:14:46,162 DEBUG [LineInfo_to_exitCode.log_LineInfo] 2018-12-28 18:14:46,162 [INFO] MainPanel:121 - HeapMemory: 16252928
2018-12-28 18:14:49,520 DEBUG [LineInfo_to_exitCode.log_LineInfo] 2018-12-28 18:14:49,520 [INFO] DbMcusXml:68 - Set database path to: C:\Program Files (x86)\STMicroelectronics\STM32Cube\STM32CubeMX\\db\/mcu/
2018-12-28 18:14:49,607 DEBUG [LineInfo_to_exitCode.log_LineInfo] 2018-12-28 18:14:49,555 [INFO] DbBoardsPdsc:54 - Set plugin database path to: C:\Program Files (x86)\STMicroelectronics\STM32Cube\STM32CubeMX\\db\/plugins/boardmanager/
2018-12-28 18:14:49,607 DEBUG [LineInfo_to_exitCode.log_LineInfo] 2018-12-28 18:14:49,555 [INFO] DbMcus:256 - Set plugin images path to: C:\Program Files (x86)\STMicroelectronics\STM32Cube\STM32CubeMX\\db\/plugins/mcufinder/images/
2018-12-28 18:14:49,607 DEBUG [LineInfo_to_exitCode.log_LineInfo] 2018-12-28 18:14:49,555 [INFO] DbBoards:230 - Set plugin images path to: C:\Program Files (x86)\STMicroelectronics\STM32Cube\STM32CubeMX\\db\/plugins/mcufinder/images/
2018-12-28 18:14:49,716 DEBUG [LineInfo_to_exitCode.log_LineInfo] 2018-12-28 18:14:49,555 [INFO] APIGFXSelector:72 - Set database path to: C:\Program Files (x86)\STMicroelectronics\STM32Cube\STM32CubeMX\\db\/plugins/mcufinder/mcu/
2018-12-28 18:14:49,716 DEBUG [LineInfo_to_exitCode.log_LineInfo] 2018-12-28 18:14:49,573 [INFO] DbMcusAds:72 - Set database path to: C:\Users\q\.stmcufinder\plugins\mcufinder//mcu/
2018-12-28 18:14:49,716 DEBUG [LineInfo_to_exitCode.log_LineInfo] 2018-12-28 18:14:49,607 [INFO] DbMcusDocs:86 - Set database path to: C:\Users\q\.stmcufinder\plugins\mcufinder//mcu/
2018-12-28 18:14:49,716 DEBUG [LineInfo_to_exitCode.log_LineInfo] 2018-12-28 18:14:49,716 [INFO] DbMcusJson:58 - Set database path to: C:\Users\q\.stmcufinder\plugins\mcufinder//mcu/
2018-12-28 18:14:49,734 DEBUG [LineInfo_to_exitCode.log_LineInfo] 2018-12-28 18:14:49,734 [INFO] DbBoardsDocs:78 - Set database path to: C:\Users\q\.stmcufinder\plugins\mcufinder//mcu/
2018-12-28 18:14:49,734 DEBUG [LineInfo_to_exitCode.log_LineInfo] 2018-12-28 18:14:49,734 [INFO] DbBoardsJson:51 - Set database path to: C:\Users\q\.stmcufinder\plugins\mcufinder//mcu/
2018-12-28 18:14:49,805 DEBUG [LineInfo_to_exitCode.log_LineInfo] 2018-12-28 18:14:49,805 [INFO] ApplicationProperties:181 - Using Application install path: C:\Program Files (x86)\STMicroelectronics\STM32Cube\STM32CubeMX
2018-12-28 18:14:49,945 DEBUG [LineInfo_to_exitCode.log_LineInfo] 2018-12-28 18:14:49,822 [INFO] PluginManage:147 - Search for loadable plugins [exclusion list=]
2018-12-28 18:14:49,945 DEBUG [LineInfo_to_exitCode.log_LineInfo] 2018-12-28 18:14:49,860 [INFO] PluginManage:269 - Check plugin clock
2018-12-28 18:14:50,465 DEBUG [LineInfo_to_exitCode.log_LineInfo] 2018-12-28 18:14:50,465 [INFO] PluginManage:319 - Loaded plugin clock (category:clock,tabindex:1)
2018-12-28 18:14:50,498 DEBUG [LineInfo_to_exitCode.log_LineInfo] 2018-12-28 18:14:50,484 [INFO] PluginManage:269 - Check plugin filemanager
2018-12-28 18:14:50,729 DEBUG [LineInfo_to_exitCode.log_LineInfo] 2018-12-28 18:14:50,729 [INFO] PluginManage:319 - Loaded plugin filemanager (category:base,tabindex:10)
2018-12-28 18:14:50,847 DEBUG [LineInfo_to_exitCode.log_LineInfo] 2018-12-28 18:14:50,729 [INFO] PluginManage:269 - Check plugin ipmanager
2018-12-28 18:14:50,912 DEBUG [LineInfo_to_exitCode.log_LineInfo] 2018-12-28 18:14:50,912 [INFO] PluginManage:319 - Loaded plugin ipmanager (category:base,tabindex:2)
2018-12-28 18:14:50,931 DEBUG [LineInfo_to_exitCode.log_LineInfo] 2018-12-28 18:14:50,912 [INFO] PluginManage:269 - Check plugin pinoutconfig
2018-12-28 18:14:51,274 DEBUG [LineInfo_to_exitCode.log_LineInfo] 2018-12-28 18:14:51,274 [INFO] PluginManage:319 - Loaded plugin pinoutconfig (category:base,tabindex:0)
2018-12-28 18:14:51,373 DEBUG [LineInfo_to_exitCode.log_LineInfo] 2018-12-28 18:14:51,274 [INFO] PluginManage:269 - Check plugin power
2018-12-28 18:14:52,301 DEBUG [LineInfo_to_exitCode.log_LineInfo] 2018-12-28 18:14:52,301 [INFO] PluginManage:319 - Loaded plugin power (category:power,tabindex:3)
2018-12-28 18:14:52,352 DEBUG [LineInfo_to_exitCode.log_LineInfo] 2018-12-28 18:14:52,301 [INFO] PluginManage:269 - Check plugin projectmanager
2018-12-28 18:14:53,112 DEBUG [LineInfo_to_exitCode.log_LineInfo] 2018-12-28 18:14:53,112 [INFO] PluginManage:319 - Loaded plugin projectmanager (category:projectmanager,tabindex:11)
2018-12-28 18:14:53,230 DEBUG [LineInfo_to_exitCode.log_LineInfo] 2018-12-28 18:14:53,128 [INFO] PluginManage:269 - Check plugin thirdparty
2018-12-28 18:14:53,428 DEBUG [LineInfo_to_exitCode.log_LineInfo] 2018-12-28 18:14:53,428 [INFO] ThirdPartyDb:293 - Open Third Party DataBase File (C:/Users/q/.stm32cubemx/plugins/thirdparty/db/thirdparties_db.xml) : 81 ms. number of Sw pack : 1
2018-12-28 18:14:53,578 DEBUG [LineInfo_to_exitCode.log_LineInfo] 2018-12-28 18:14:53,578 [INFO] PluginManage:319 - Loaded plugin thirdparty (category:base,tabindex:-1)
2018-12-28 18:14:53,612 DEBUG [LineInfo_to_exitCode.log_LineInfo] 2018-12-28 18:14:53,578 [INFO] PluginManage:269 - Check plugin updater
2018-12-28 18:14:53,699 DEBUG [LineInfo_to_exitCode.log_LineInfo] 2018-12-28 18:14:53,699 [INFO] PluginManage:319 - Loaded plugin updater (category:base,tabindex:12)
2018-12-28 18:14:53,762 DEBUG [LineInfo_to_exitCode.log_LineInfo] 2018-12-28 18:14:53,699 [INFO] PluginManage:242 - PluginManage : ReOrganize retry [4x]
2018-12-28 18:14:54,377 DEBUG [LineInfo_to_exitCode.log_LineInfo] 2018-12-28 18:14:54,377 [INFO] PinOutPanel:995 - setPackage(No Configuration,No Configuration)
2018-12-28 18:14:54,743 DEBUG [LineInfo_to_exitCode.log_LineInfo] 2018-12-28 18:14:54,743 [INFO] PluginManager:200 - loadIPPluginJar : add adc
2018-12-28 18:14:54,973 DEBUG [LineInfo_to_exitCode.log_LineInfo] 2018-12-28 18:14:54,973 [INFO] PluginManager:200 - loadIPPluginJar : add can
2018-12-28 18:14:55,071 DEBUG [LineInfo_to_exitCode.log_LineInfo] 2018-12-28 18:14:55,071 [INFO] PluginManager:200 - loadIPPluginJar : add comp
2018-12-28 18:14:55,287 DEBUG [LineInfo_to_exitCode.log_LineInfo] 2018-12-28 18:14:55,287 [INFO] PluginManager:200 - loadIPPluginJar : add cryp
2018-12-28 18:14:55,803 DEBUG [LineInfo_to_exitCode.log_LineInfo] 2018-12-28 18:14:55,760 [INFO] PluginManager:200 - loadIPPluginJar : add dfsdm
2018-12-28 18:14:55,925 DEBUG [LineInfo_to_exitCode.log_LineInfo] 2018-12-28 18:14:55,925 [INFO] PluginManager:200 - loadIPPluginJar : add dma
2018-12-28 18:14:56,100 DEBUG [LineInfo_to_exitCode.log_LineInfo] 2018-12-28 18:14:56,100 [INFO] PluginManager:200 - loadIPPluginJar : add fatfs
2018-12-28 18:15:00,298 DEBUG [LineInfo_to_exitCode.log_LineInfo] 2018-12-28 18:15:00,298 [INFO] PluginManager:200 - loadIPPluginJar : add fmc
2018-12-28 18:15:02,750 DEBUG [LineInfo_to_exitCode.log_LineInfo] 2018-12-28 18:15:02,750 [INFO] PluginManager:200 - loadIPPluginJar : add freertos
2018-12-28 18:15:04,099 DEBUG [LineInfo_to_exitCode.log_LineInfo] 2018-12-28 18:15:04,099 [INFO] PluginManager:200 - loadIPPluginJar : add genericplugin
2018-12-28 18:15:04,664 DEBUG [LineInfo_to_exitCode.log_LineInfo] 2018-12-28 18:15:04,664 [INFO] PluginManager:200 - loadIPPluginJar : add gfxmmu
2018-12-28 18:15:04,713 DEBUG [LineInfo_to_exitCode.log_LineInfo] 2018-12-28 18:15:04,713 [INFO] PluginManager:200 - loadIPPluginJar : add gfxsimulator
2018-12-28 18:15:04,826 DEBUG [LineInfo_to_exitCode.log_LineInfo] 2018-12-28 18:15:04,826 [INFO] PluginManager:200 - loadIPPluginJar : add gpio
2018-12-28 18:15:04,935 DEBUG [LineInfo_to_exitCode.log_LineInfo] 2018-12-28 18:15:04,935 [INFO] PluginManager:200 - loadIPPluginJar : add hash
2018-12-28 18:15:05,173 DEBUG [LineInfo_to_exitCode.log_LineInfo] 2018-12-28 18:15:05,173 [INFO] PluginManager:200 - loadIPPluginJar : add i2c
2018-12-28 18:15:05,365 DEBUG [LineInfo_to_exitCode.log_LineInfo] 2018-12-28 18:15:05,347 [INFO] PluginManager:200 - loadIPPluginJar : add i2s
2018-12-28 18:15:05,545 DEBUG [LineInfo_to_exitCode.log_LineInfo] 2018-12-28 18:15:05,545 [INFO] PluginManager:200 - loadIPPluginJar : add ltdc
2018-12-28 18:15:05,592 DEBUG [LineInfo_to_exitCode.log_LineInfo] 2018-12-28 18:15:05,592 [INFO] PluginManager:200 - loadIPPluginJar : add mdma
2018-12-28 18:15:05,705 DEBUG [LineInfo_to_exitCode.log_LineInfo] 2018-12-28 18:15:05,607 [INFO] PluginManager:200 - loadIPPluginJar : add nvic
2018-12-28 18:15:05,916 DEBUG [LineInfo_to_exitCode.log_LineInfo] 2018-12-28 18:15:05,916 [INFO] PluginManager:200 - loadIPPluginJar : add opamp
2018-12-28 18:15:06,406 DEBUG [LineInfo_to_exitCode.log_LineInfo] 2018-12-28 18:15:06,390 [INFO] PluginManager:200 - loadIPPluginJar : add pdm2pcm
2018-12-28 18:15:06,463 DEBUG [LineInfo_to_exitCode.log_LineInfo] 2018-12-28 18:15:06,463 [INFO] PluginManager:200 - loadIPPluginJar : add plateformsettings
2018-12-28 18:15:06,559 DEBUG [LineInfo_to_exitCode.log_LineInfo] 2018-12-28 18:15:06,559 [INFO] PluginManager:200 - loadIPPluginJar : add quadspi
2018-12-28 18:15:06,856 DEBUG [LineInfo_to_exitCode.log_LineInfo] 2018-12-28 18:15:06,856 [INFO] PluginManager:200 - loadIPPluginJar : add sai
2018-12-28 18:15:07,074 DEBUG [LineInfo_to_exitCode.log_LineInfo] 2018-12-28 18:15:07,074 [INFO] PluginManager:200 - loadIPPluginJar : add spi
2018-12-28 18:15:07,155 DEBUG [LineInfo_to_exitCode.log_LineInfo] 2018-12-28 18:15:07,140 [INFO] PluginManager:200 - loadIPPluginJar : add tim
2018-12-28 18:15:07,334 DEBUG [LineInfo_to_exitCode.log_LineInfo] 2018-12-28 18:15:07,334 [INFO] PluginManager:200 - loadIPPluginJar : add touchsensing
2018-12-28 18:15:07,498 DEBUG [LineInfo_to_exitCode.log_LineInfo] 2018-12-28 18:15:07,498 [INFO] PluginManager:200 - loadIPPluginJar : add ts
2018-12-28 18:15:07,579 DEBUG [LineInfo_to_exitCode.log_LineInfo] 2018-12-28 18:15:07,563 [INFO] PluginManager:200 - loadIPPluginJar : add tsc
2018-12-28 18:15:07,777 DEBUG [LineInfo_to_exitCode.log_LineInfo] 2018-12-28 18:15:07,777 [INFO] PluginManager:200 - loadIPPluginJar : add usart
2018-12-28 18:15:07,879 DEBUG [LineInfo_to_exitCode.log_LineInfo] 2018-12-28 18:15:07,879 [INFO] Updater:720 - Updater Version found : 4.27.0
2018-12-28 18:15:07,930 DEBUG [LineInfo_to_exitCode.log_LineInfo] 2018-12-28 18:15:07,930 [INFO] ApplicationProperties:181 - Using Application install path: C:\Program Files (x86)\STMicroelectronics\STM32Cube\STM32CubeMX
2018-12-28 18:15:08,465 DEBUG [LineInfo_to_exitCode.log_LineInfo] 2018-12-28 18:15:08,450 [INFO] MainUpdater:209 - Updater Check For Update Now.
2018-12-28 18:15:08,567 DEBUG [LineInfo_to_exitCode.log_LineInfo] 2018-12-28 18:15:08,465 [INFO] MicroXplorer:362 - Change Database Version : DB.4.0.270
2018-12-28 18:15:08,598 DEBUG [LineInfo_to_exitCode.log_LineInfo] 2018-12-28 18:15:08,598 [INFO] CheckServerUpdateThread:121 - End of CheckServer Thread
2018-12-28 18:15:08,954 DEBUG [LineInfo_to_exitCode.log_LineInfo] 2018-12-28 18:15:08,954 [INFO] MicroXplorer:332 - Change Database Path : 
2018-12-28 18:15:09,002 DEBUG [LineInfo_to_exitCode.log_LineInfo] 2018-12-28 18:15:08,954 [INFO] MicroXplorer:362 - Change Database Version : DB.4.0.270
2018-12-28 18:15:09,002 DEBUG [LineInfo_to_exitCode.log_LineInfo] 2018-12-28 18:15:08,954 [INFO] PinOutPanel:995 - setPackage(No Configuration,No Configuration)
2018-12-28 18:15:09,329 DEBUG [LineInfo_to_exitCode.log_LineInfo] 2018-12-28 18:15:09,329 [INFO] MicroXplorer:332 - Change Database Path : 
2018-12-28 18:15:09,346 DEBUG [LineInfo_to_exitCode.log_LineInfo] 2018-12-28 18:15:09,329 [INFO] MicroXplorer:362 - Change Database Version : DB.4.0.270
2018-12-28 18:15:09,346 DEBUG [LineInfo_to_exitCode.log_LineInfo] 2018-12-28 18:15:09,329 [INFO] PinOutPanel:995 - setPackage(No Configuration,No Configuration)
2018-12-28 18:15:09,346 DEBUG [LineInfo_to_exitCode.log_LineInfo] 2018-12-28 18:15:09,329 [INFO] UtilMem:74 - Begin LoadConfig() Used Memory: 10691984 Bytes (18030592)
2018-12-28 18:15:09,362 DEBUG [LineInfo_to_exitCode.log_LineInfo] 2018-12-28 18:15:09,362 [INFO] OpenFileManager:257 - Change cursor
2018-12-28 18:15:09,959 DEBUG [LineInfo_to_exitCode.log_LineInfo] 2018-12-28 18:15:09,939 [INFO] ThirdPartyDb:263 - Close Third Party DataBase File (C:/Users/q/.stm32cubemx/plugins/thirdparty/db/thirdparties_db.xml)
2018-12-28 18:15:10,026 DEBUG [LineInfo_to_exitCode.log_LineInfo] 2018-12-28 18:15:10,026 [INFO] ThirdPartyDb:293 - Open Third Party DataBase File (C:/Users/q/.stm32cubemx/plugins/thirdparty/db/thirdparties_db.xml) : 0 ms. number of Sw pack : 1
2018-12-28 18:15:10,041 DEBUG [LineInfo_to_exitCode.log_LineInfo] 2018-12-28 18:15:10,026 [INFO] ThirdPartyDb:263 - Close Third Party DataBase File (C:/Users/q/.stm32cubemx/plugins/thirdparty/db/thirdparties_db.xml)
2018-12-28 18:15:10,059 DEBUG [LineInfo_to_exitCode.log_LineInfo] 2018-12-28 18:15:10,059 [INFO] IntegrityCheckThread:94 - End integrity checks thread
2018-12-28 18:15:16,417 DEBUG [LineInfo_to_exitCode.log_LineInfo] 2018-12-28 18:15:16,417 [INFO] ImportTextPane:155 - (OptionalMessage_WARN) Unknown mode (AF_PP) for pin (PB6)
2018-12-28 18:15:16,433 DEBUG [LineInfo_to_exitCode.log_LineInfo] 2018-12-28 18:15:16,417 [INFO] ImportTextPane:155 - (OptionalMessage_WARN) Unknown mode (AF_PP) for pin (PB7)
2018-12-28 18:15:16,433 DEBUG [LineInfo_to_exitCode.log_LineInfo] 2018-12-28 18:15:16,433 [INFO] ImportTextPane:155 - (OptionalMessage_ERROR) Unable to find key (Mcu.ThirdPartyNb) in loaded IOC file
2018-12-28 18:15:16,558 DEBUG [LineInfo_to_exitCode.log_LineInfo] 2018-12-28 18:15:16,558 [INFO] ImportTextPane:155 - (OptionalMessage_INFO) Successful Mode recovery for pin (PB7) with mode (Asynchronous)
2018-12-28 18:15:16,574 DEBUG [LineInfo_to_exitCode.log_LineInfo] 2018-12-28 18:15:16,558 [INFO] ImportTextPane:155 - (OptionalMessage_INFO) Successful Mode recovery for pin (PB6) with mode (Asynchronous)
2018-12-28 18:15:17,901 DEBUG [LineInfo_to_exitCode.log_LineInfo] 2018-12-28 18:15:17,901 [INFO] ImportTextPane:155 - (OptionalMessage_ERROR) IP (DMA) : Parameter (Instance) has Id (ADC) currently not set
2018-12-28 18:15:17,949 DEBUG [LineInfo_to_exitCode.log_LineInfo] 2018-12-28 18:15:17,901 [INFO] ImportTextPane:155 - (OptionalMessage_ERROR) IP (DMA) : Parameter (Direction) has Id (ADC) currently not set
2018-12-28 18:15:17,949 DEBUG [LineInfo_to_exitCode.log_LineInfo] 2018-12-28 18:15:17,901 [INFO] ImportTextPane:155 - (OptionalMessage_ERROR) IP (DMA) : Parameter (PeriphInc) has Id (ADC) currently not set
2018-12-28 18:15:17,949 DEBUG [LineInfo_to_exitCode.log_LineInfo] 2018-12-28 18:15:17,901 [INFO] ImportTextPane:155 - (OptionalMessage_ERROR) IP (DMA) : Parameter (MemInc) has Id (ADC) currently not set
2018-12-28 18:15:17,949 DEBUG [LineInfo_to_exitCode.log_LineInfo] 2018-12-28 18:15:17,901 [INFO] ImportTextPane:155 - (OptionalMessage_ERROR) IP (DMA) : Parameter (PeriphDataAlignment) has Id (ADC) currently not set
2018-12-28 18:15:17,949 DEBUG [LineInfo_to_exitCode.log_LineInfo] 2018-12-28 18:15:17,901 [INFO] ImportTextPane:155 - (OptionalMessage_ERROR) IP (DMA) : Parameter (MemDataAlignment) has Id (ADC) currently not set
2018-12-28 18:15:17,949 DEBUG [LineInfo_to_exitCode.log_LineInfo] 2018-12-28 18:15:17,917 [INFO] ImportTextPane:155 - (OptionalMessage_ERROR) IP (DMA) : Parameter (Mode) has Id (ADC) currently not set
2018-12-28 18:15:17,949 DEBUG [LineInfo_to_exitCode.log_LineInfo] 2018-12-28 18:15:17,917 [INFO] ImportTextPane:155 - (OptionalMessage_ERROR) IP (DMA) : Parameter (Priority) has Id (ADC) currently not set
2018-12-28 18:15:18,122 DEBUG [LineInfo_to_exitCode.log_LineInfo] 2018-12-28 18:15:18,122 [INFO] ImportTextPane:155 - (OptionalMessage_ERROR) IP (MotorControl) : Invalid parameter (CPU_CLK_48_MHZ)
2018-12-28 18:15:18,138 DEBUG [LineInfo_to_exitCode.log_LineInfo] 2018-12-28 18:15:18,122 [INFO] ImportTextPane:155 - (OptionalMessage_ERROR) IP (MotorControl) : Parameter (INRUSH_CURRLIMIT_AT_POWER_ON) has invalid value (true)
2018-12-28 18:15:18,153 DEBUG [LineInfo_to_exitCode.log_LineInfo] 2018-12-28 18:15:18,122 [INFO] ImportTextPane:155 - (OptionalMessage_ERROR) IP (MotorControl) : Invalid parameter (INT_RC_OSC)
2018-12-28 18:15:18,153 DEBUG [LineInfo_to_exitCode.log_LineInfo] 2018-12-28 18:15:18,138 [INFO] ImportTextPane:155 - (OptionalMessage_ERROR) IP (MotorControl) : Invalid parameter (MAX_MODULATION_97_PER_CENT)
2018-12-28 18:15:18,153 DEBUG [LineInfo_to_exitCode.log_LineInfo] 2018-12-28 18:15:18,138 [INFO] ImportTextPane:155 - (OptionalMessage_ERROR) IP (MotorControl) : Invalid parameter (MC_WORKBENCH_VERSION)
2018-12-28 18:15:18,153 DEBUG [LineInfo_to_exitCode.log_LineInfo] 2018-12-28 18:15:18,138 [INFO] ImportTextPane:155 - (OptionalMessage_ERROR) IP (MotorControl) : Invalid parameter (MCU)
2018-12-28 18:15:18,153 DEBUG [LineInfo_to_exitCode.log_LineInfo] 2018-12-28 18:15:18,138 [INFO] ImportTextPane:155 - (OptionalMessage_ERROR) IP (MotorControl) : Invalid parameter (MOTOR_TYPE)
2018-12-28 18:15:18,153 DEBUG [LineInfo_to_exitCode.log_LineInfo] 2018-12-28 18:15:18,138 [INFO] ImportTextPane:155 - (OptionalMessage_ERROR) IP (MotorControl) : Invalid parameter (OCP_COMP_THRESHOLD)
2018-12-28 18:15:18,153 DEBUG [LineInfo_to_exitCode.log_LineInfo] 2018-12-28 18:15:18,138 [INFO] ImportTextPane:155 - (OptionalMessage_ERROR) IP (MotorControl) : Parameter (OVERCURR_FEEDBACK_POLARITY) has invalid value (EMSTOP_ACTIVE_HIGH)
2018-12-28 18:15:18,153 DEBUG [LineInfo_to_exitCode.log_LineInfo] 2018-12-28 18:15:18,153 [INFO] ImportTextPane:155 - (OptionalMessage_ERROR) IP (MotorControl) : Invalid parameter (WB_to_Mx_template_version)
2018-12-28 18:15:18,153 DEBUG [LineInfo_to_exitCode.log_LineInfo] 2018-12-28 18:15:18,153 [INFO] ImportTextPane:155 - (OptionalMessage_ERROR) IP (MotorControl) : Invalid parameter (WB_to_Mx_version)
2018-12-28 18:15:18,282 DEBUG [LineInfo_to_exitCode.log_LineInfo] 2018-12-28 18:15:18,282 [INFO] ImportTextPane:155 - (OptionalMessage_ERROR) IP (TIM1) : Parameter (Pulse) has Id (PWM Generation1 CH1) currently not set
2018-12-28 18:15:18,298 DEBUG [LineInfo_to_exitCode.log_LineInfo] 2018-12-28 18:15:18,282 [INFO] ImportTextPane:155 - (OptionalMessage_ERROR) IP (TIM1) : Parameter (Pulse) has Id (PWM Generation2 CH2) currently not set
2018-12-28 18:15:18,313 DEBUG [LineInfo_to_exitCode.log_LineInfo] 2018-12-28 18:15:18,282 [INFO] ImportTextPane:155 - (OptionalMessage_ERROR) IP (TIM1) : Parameter (Pulse) has Id (PWM Generation3 CH3) currently not set
2018-12-28 18:15:19,996 DEBUG [LineInfo_to_exitCode.log_LineInfo] 2018-12-28 18:15:19,996 [INFO] UtilMem:74 - End LoadConfig() Used Memory: 92929832 Bytes (104648704)
2018-12-28 18:15:20,245 DEBUG [LineInfo_to_exitCode.log_LineInfo] 2018-12-28 18:15:20,245 [INFO] ThirdPartyDb:293 - Open Third Party DataBase File (C:/Users/q/.stm32cubemx/plugins/thirdparty/db/thirdparties_db.xml) : 0 ms. number of Sw pack : 1
2018-12-28 18:15:20,872 DEBUG [LineInfo_to_exitCode.log_LineInfo] 2018-12-28 18:15:20,872 [INFO] ThirdParty:1113 - CMSIS Pack Vendor :STMicroelectronics X-CUBE-MEMS1 5.1.0
2018-12-28 18:15:21,364 DEBUG [LineInfo_to_exitCode.log_LineInfo] 2018-12-28 18:15:21,364 [INFO] PinOutPanel:995 - setPackage(No Configuration,No Configuration)
2018-12-28 18:15:21,381 DEBUG [LineInfo_to_exitCode.log_LineInfo] 2018-12-28 18:15:21,364 [INFO] PinOutPanel:995 - setPackage(STM32F031C6Tx,LQFP48)
2018-12-28 18:15:24,126 DEBUG [LineInfo_to_exitCode.log_LineInfo] 2018-12-28 18:15:24,126 [INFO] UtilMem:74 - Before build in PCC Used Memory: 69409336 Bytes (114540544)
2018-12-28 18:15:24,789 DEBUG [LineInfo_to_exitCode.log_LineInfo] 2018-12-28 18:15:24,789 [INFO] SharedServices:56 - Folder for power plug-in: C:/Users/q/.stm32cubemx/plugins/power
2018-12-28 18:15:24,821 DEBUG [LineInfo_to_exitCode.log_LineInfo] 2018-12-28 18:15:24,789 [INFO] UtilMem:74 - After build in PCC Used Memory: 62421792 Bytes (114540544)
2018-12-28 18:15:24,851 DEBUG [LineInfo_to_exitCode.log_LineInfo] 2018-12-28 18:15:24,851 [INFO] OpenFileManager:275 - Restore cursor
2018-12-28 18:15:24,962 DEBUG [LineInfo_to_exitCode.log_LineInfo] 2018-12-28 18:15:24,962 [INFO] DbMcusXml:106 - Load MCU database from C:\Program Files (x86)\STMicroelectronics\STM32Cube\STM32CubeMX\\db\/mcu/families.xml
2018-12-28 18:15:25,894 DEBUG [LineInfo_to_exitCode.log_LineInfo] 2018-12-28 18:15:25,894 [INFO] DbMcusJson:86 - JSON generation date=Tue Jul 17 06:19:56 PDT 2018 (1531833596)
2018-12-28 18:15:26,933 DEBUG [LineInfo_to_exitCode.log_LineInfo] 2018-12-28 18:15:26,933 [INFO] DbMcus:186 - Found 1207 MCUs (1165 are supported by CubeMX, 1165 are visible in CubeMX)
2018-12-28 18:15:26,980 DEBUG [LineInfo_to_exitCode.log_LineInfo] 2018-12-28 18:15:26,933 [INFO] ApiDb:146 - User favorites file not found: C:\Users\q/.stm32cubemx/favorites.mcus.txt
2018-12-28 18:15:26,980 DEBUG [LineInfo_to_exitCode.log_LineInfo] 2018-12-28 18:15:26,933 [INFO] DbMcus:197 - Set 0 / 0 favorites MCUs
2018-12-28 18:15:28,051 DEBUG [LineInfo_to_exitCode.log_LineInfo] 2018-12-28 18:15:28,051 [INFO] UtilMem:74 - End SaveConfig() Used Memory: 142885704 Bytes (252182528)
2018-12-28 18:15:28,114 DEBUG [LineInfo_to_exitCode.log_LineInfo] 2018-12-28 18:15:28,114 [INFO] BlockDiagram:1210 - set Specific Code input for plugin: ADC
2018-12-28 18:15:28,114 DEBUG [LineInfo_to_exitCode.log_LineInfo] 2018-12-28 18:15:28,114 [INFO] BlockDiagram:1210 - set Specific Code input for plugin: NVIC
2018-12-28 18:15:28,114 DEBUG [LineInfo_to_exitCode.log_LineInfo] 2018-12-28 18:15:28,114 [INFO] BlockDiagram:1210 - set Specific Code input for plugin: MotorControl
2018-12-28 18:15:28,114 DEBUG [LineInfo_to_exitCode.log_LineInfo] 2018-12-28 18:15:28,114 [INFO] BlockDiagram:1210 - set Specific Code input for plugin: SYS
2018-12-28 18:15:28,129 DEBUG [LineInfo_to_exitCode.log_LineInfo] 2018-12-28 18:15:28,114 [INFO] BlockDiagram:1210 - set Specific Code input for plugin: USART
2018-12-28 18:15:28,129 DEBUG [LineInfo_to_exitCode.log_LineInfo] 2018-12-28 18:15:28,114 [INFO] BlockDiagram:1210 - set Specific Code input for plugin: DMA
2018-12-28 18:15:28,129 DEBUG [LineInfo_to_exitCode.log_LineInfo] 2018-12-28 18:15:28,114 [INFO] BlockDiagram:1210 - set Specific Code input for plugin: TIM1_8F0
2018-12-28 18:15:28,129 DEBUG [LineInfo_to_exitCode.log_LineInfo] 2018-12-28 18:15:28,114 [INFO] BlockDiagram:1210 - set Specific Code input for plugin: TIM1_8F0
2018-12-28 18:15:28,332 DEBUG [LineInfo_to_exitCode.log_LineInfo] 2018-12-28 18:15:28,332 [INFO] CodeGenerator:513 - code generatio: config db path: C:\Program Files (x86)\STMicroelectronics\STM32Cube\STM32CubeMX\\db\
2018-12-28 18:15:28,884 DEBUG [LineInfo_to_exitCode.log_LineInfo] 2018-12-28 18:15:28,884 [INFO] CodeEngine:184 - oldGeneratedFile, \\VBOXSVR\bridge\STEVAL-SPIN3201-BullRunning-Encoder-B\MXTmpFiles\license.tmp_save
2018-12-28 18:15:29,527 DEBUG [LineInfo_to_exitCode.log_LineInfo] 2018-12-28 18:15:29,527 [INFO] CodeEngine:202 - Generated code: \\VBOXSVR\bridge\STEVAL-SPIN3201-BullRunning-Encoder-B\MXTmpFiles\license.tmp
2018-12-28 18:15:30,813 DEBUG [LineInfo_to_exitCode.log_LineInfo] 2018-12-28 18:15:30,813 [INFO] CodeEngine:184 - oldGeneratedFile, \\VBOXSVR\bridge\STEVAL-SPIN3201-BullRunning-Encoder-B\MXTmpFiles\gpio.tmp_save
2018-12-28 18:15:31,989 DEBUG [LineInfo_to_exitCode.log_LineInfo] 2018-12-28 18:15:31,989 [INFO] CodeEngine:202 - Generated code: \\VBOXSVR\bridge\STEVAL-SPIN3201-BullRunning-Encoder-B\MXTmpFiles\gpio.tmp
2018-12-28 18:15:37,425 DEBUG [LineInfo_to_exitCode.log_LineInfo] 2018-12-28 18:15:37,425 [INFO] CodeEngine:184 - oldGeneratedFile, \\VBOXSVR\bridge\STEVAL-SPIN3201-BullRunning-Encoder-B\MXTmpFiles\dma.tmp_save
2018-12-28 18:15:37,833 DEBUG [LineInfo_to_exitCode.log_LineInfo] 2018-12-28 18:15:37,833 [INFO] CodeEngine:202 - Generated code: \\VBOXSVR\bridge\STEVAL-SPIN3201-BullRunning-Encoder-B\MXTmpFiles\dma.tmp
2018-12-28 18:15:38,037 DEBUG [LineInfo_to_exitCode.log_LineInfo] 2018-12-28 18:15:38,037 [INFO] CodeEngine:184 - oldGeneratedFile, \\VBOXSVR\bridge\STEVAL-SPIN3201-BullRunning-Encoder-B\MXTmpFiles\dma_GV.tmp_save
2018-12-28 18:15:38,406 DEBUG [LineInfo_to_exitCode.log_LineInfo] 2018-12-28 18:15:38,406 [INFO] CodeEngine:202 - Generated code: \\VBOXSVR\bridge\STEVAL-SPIN3201-BullRunning-Encoder-B\MXTmpFiles\dma_GV.tmp
2018-12-28 18:15:38,960 DEBUG [LineInfo_to_exitCode.log_LineInfo] 2018-12-28 18:15:38,960 [INFO] ApiDbMcu:310 - Load IP Config File for MotorControl
2018-12-28 18:15:39,041 DEBUG [LineInfo_to_exitCode.log_LineInfo] 2018-12-28 18:15:39,041 [INFO] Middleware:901 - No code input for Bsp Dependency
2018-12-28 18:15:39,167 DEBUG [LineInfo_to_exitCode.log_LineInfo] 2018-12-28 18:15:39,167 [INFO] CodeEngine:184 - oldGeneratedFile, \\VBOXSVR\bridge\STEVAL-SPIN3201-BullRunning-Encoder-B\Src\motorcontrol.c_save
2018-12-28 18:15:39,434 INFO  [LineInfo_to_exitCode.log_LineInfo] Generated code: \\VBOXSVR\bridge\STEVAL-SPIN3201-BullRunning-Encoder-B\Src\motorcontrol.c
2018-12-28 18:15:39,577 DEBUG [LineInfo_to_exitCode.log_LineInfo] 2018-12-28 18:15:39,577 [INFO] CodeEngine:184 - oldGeneratedFile, \\VBOXSVR\bridge\STEVAL-SPIN3201-BullRunning-Encoder-B\Inc\motorcontrol.h_save
2018-12-28 18:15:39,912 INFO  [LineInfo_to_exitCode.log_LineInfo] Generated code: \\VBOXSVR\bridge\STEVAL-SPIN3201-BullRunning-Encoder-B\Inc\motorcontrol.h
2018-12-28 18:15:40,103 DEBUG [LineInfo_to_exitCode.log_LineInfo] 2018-12-28 18:15:40,103 [INFO] CodeEngine:184 - oldGeneratedFile, \\VBOXSVR\bridge\STEVAL-SPIN3201-BullRunning-Encoder-B\Inc\drive_parameters.h_save
2018-12-28 18:15:40,387 INFO  [LineInfo_to_exitCode.log_LineInfo] Generated code: \\VBOXSVR\bridge\STEVAL-SPIN3201-BullRunning-Encoder-B\Inc\drive_parameters.h
2018-12-28 18:15:40,515 DEBUG [LineInfo_to_exitCode.log_LineInfo] 2018-12-28 18:15:40,499 [INFO] CodeEngine:184 - oldGeneratedFile, \\VBOXSVR\bridge\STEVAL-SPIN3201-BullRunning-Encoder-B\Inc\mc_tasks.h_save
2018-12-28 18:15:40,769 INFO  [LineInfo_to_exitCode.log_LineInfo] Generated code: \\VBOXSVR\bridge\STEVAL-SPIN3201-BullRunning-Encoder-B\Inc\mc_tasks.h
2018-12-28 18:15:40,927 DEBUG [LineInfo_to_exitCode.log_LineInfo] 2018-12-28 18:15:40,927 [INFO] CodeEngine:184 - oldGeneratedFile, \\VBOXSVR\bridge\STEVAL-SPIN3201-BullRunning-Encoder-B\Src\mc_api.c_save
2018-12-28 18:15:41,179 INFO  [LineInfo_to_exitCode.log_LineInfo] Generated code: \\VBOXSVR\bridge\STEVAL-SPIN3201-BullRunning-Encoder-B\Src\mc_api.c
2018-12-28 18:15:41,320 DEBUG [LineInfo_to_exitCode.log_LineInfo] 2018-12-28 18:15:41,320 [INFO] CodeEngine:184 - oldGeneratedFile, \\VBOXSVR\bridge\STEVAL-SPIN3201-BullRunning-Encoder-B\Src\motor_control_protocol.c_save
2018-12-28 18:15:41,523 INFO  [LineInfo_to_exitCode.log_LineInfo] Generated code: \\VBOXSVR\bridge\STEVAL-SPIN3201-BullRunning-Encoder-B\Src\motor_control_protocol.c
2018-12-28 18:15:41,620 DEBUG [LineInfo_to_exitCode.log_LineInfo] 2018-12-28 18:15:41,604 [INFO] CodeEngine:184 - oldGeneratedFile, \\VBOXSVR\bridge\STEVAL-SPIN3201-BullRunning-Encoder-B\Inc\mc_api.h_save
2018-12-28 18:15:41,856 INFO  [LineInfo_to_exitCode.log_LineInfo] Generated code: \\VBOXSVR\bridge\STEVAL-SPIN3201-BullRunning-Encoder-B\Inc\mc_api.h
2018-12-28 18:15:42,012 DEBUG [LineInfo_to_exitCode.log_LineInfo] 2018-12-28 18:15:42,012 [INFO] CodeEngine:184 - oldGeneratedFile, \\VBOXSVR\bridge\STEVAL-SPIN3201-BullRunning-Encoder-B\Src\mc_config.c_save
2018-12-28 18:15:42,435 INFO  [LineInfo_to_exitCode.log_LineInfo] Generated code: \\VBOXSVR\bridge\STEVAL-SPIN3201-BullRunning-Encoder-B\Src\mc_config.c
2018-12-28 18:15:42,576 DEBUG [LineInfo_to_exitCode.log_LineInfo] 2018-12-28 18:15:42,576 [INFO] CodeEngine:184 - oldGeneratedFile, \\VBOXSVR\bridge\STEVAL-SPIN3201-BullRunning-Encoder-B\Inc\mc_config.h_save
2018-12-28 18:15:42,842 INFO  [LineInfo_to_exitCode.log_LineInfo] Generated code: \\VBOXSVR\bridge\STEVAL-SPIN3201-BullRunning-Encoder-B\Inc\mc_config.h
2018-12-28 18:15:42,967 DEBUG [LineInfo_to_exitCode.log_LineInfo] 2018-12-28 18:15:42,967 [INFO] CodeEngine:184 - oldGeneratedFile, \\VBOXSVR\bridge\STEVAL-SPIN3201-BullRunning-Encoder-B\Inc\mc_stm_types.h_save
2018-12-28 18:15:43,248 INFO  [LineInfo_to_exitCode.log_LineInfo] Generated code: \\VBOXSVR\bridge\STEVAL-SPIN3201-BullRunning-Encoder-B\Inc\mc_stm_types.h
2018-12-28 18:15:43,406 DEBUG [LineInfo_to_exitCode.log_LineInfo] 2018-12-28 18:15:43,406 [INFO] CodeEngine:184 - oldGeneratedFile, \\VBOXSVR\bridge\STEVAL-SPIN3201-BullRunning-Encoder-B\Src\mc_tasks.c_save
2018-12-28 18:15:43,767 INFO  [LineInfo_to_exitCode.log_LineInfo] Generated code: \\VBOXSVR\bridge\STEVAL-SPIN3201-BullRunning-Encoder-B\Src\mc_tasks.c
2018-12-28 18:15:43,893 DEBUG [LineInfo_to_exitCode.log_LineInfo] 2018-12-28 18:15:43,893 [INFO] CodeEngine:184 - oldGeneratedFile, \\VBOXSVR\bridge\STEVAL-SPIN3201-BullRunning-Encoder-B\Src\regular_conversion_manager.c_save
2018-12-28 18:15:44,225 INFO  [LineInfo_to_exitCode.log_LineInfo] Generated code: \\VBOXSVR\bridge\STEVAL-SPIN3201-BullRunning-Encoder-B\Src\regular_conversion_manager.c
2018-12-28 18:15:44,334 DEBUG [LineInfo_to_exitCode.log_LineInfo] 2018-12-28 18:15:44,334 [INFO] CodeEngine:184 - oldGeneratedFile, \\VBOXSVR\bridge\STEVAL-SPIN3201-BullRunning-Encoder-B\Inc\regular_conversion_manager.h_save
2018-12-28 18:15:44,556 INFO  [LineInfo_to_exitCode.log_LineInfo] Generated code: \\VBOXSVR\bridge\STEVAL-SPIN3201-BullRunning-Encoder-B\Inc\regular_conversion_manager.h
2018-12-28 18:15:44,682 DEBUG [LineInfo_to_exitCode.log_LineInfo] 2018-12-28 18:15:44,682 [INFO] CodeEngine:184 - oldGeneratedFile, \\VBOXSVR\bridge\STEVAL-SPIN3201-BullRunning-Encoder-B\Inc\parameters_conversion.h_save
2018-12-28 18:15:44,949 INFO  [LineInfo_to_exitCode.log_LineInfo] Generated code: \\VBOXSVR\bridge\STEVAL-SPIN3201-BullRunning-Encoder-B\Inc\parameters_conversion.h
2018-12-28 18:15:45,074 DEBUG [LineInfo_to_exitCode.log_LineInfo] 2018-12-28 18:15:45,074 [INFO] CodeEngine:184 - oldGeneratedFile, \\VBOXSVR\bridge\STEVAL-SPIN3201-BullRunning-Encoder-B\Inc\parameters_conversion_f0xx.h_save
2018-12-28 18:15:45,346 INFO  [LineInfo_to_exitCode.log_LineInfo] Generated code: \\VBOXSVR\bridge\STEVAL-SPIN3201-BullRunning-Encoder-B\Inc\parameters_conversion_f0xx.h
2018-12-28 18:15:45,457 DEBUG [LineInfo_to_exitCode.log_LineInfo] 2018-12-28 18:15:45,457 [INFO] CodeEngine:184 - oldGeneratedFile, \\VBOXSVR\bridge\STEVAL-SPIN3201-BullRunning-Encoder-B\Inc\pmsm_motor_parameters.h_save
2018-12-28 18:15:45,790 INFO  [LineInfo_to_exitCode.log_LineInfo] Generated code: \\VBOXSVR\bridge\STEVAL-SPIN3201-BullRunning-Encoder-B\Inc\pmsm_motor_parameters.h
2018-12-28 18:15:46,030 DEBUG [LineInfo_to_exitCode.log_LineInfo] 2018-12-28 18:15:46,030 [INFO] CodeEngine:184 - oldGeneratedFile, \\VBOXSVR\bridge\STEVAL-SPIN3201-BullRunning-Encoder-B\Inc\power_stage_parameters.h_save
2018-12-28 18:15:46,283 INFO  [LineInfo_to_exitCode.log_LineInfo] Generated code: \\VBOXSVR\bridge\STEVAL-SPIN3201-BullRunning-Encoder-B\Inc\power_stage_parameters.h
2018-12-28 18:15:46,425 DEBUG [LineInfo_to_exitCode.log_LineInfo] 2018-12-28 18:15:46,425 [INFO] CodeEngine:184 - oldGeneratedFile, \\VBOXSVR\bridge\STEVAL-SPIN3201-BullRunning-Encoder-B\Src\stm32f0xx_mc_it.c_save
2018-12-28 18:15:46,693 INFO  [LineInfo_to_exitCode.log_LineInfo] Generated code: \\VBOXSVR\bridge\STEVAL-SPIN3201-BullRunning-Encoder-B\Src\stm32f0xx_mc_it.c
2018-12-28 18:15:46,834 DEBUG [LineInfo_to_exitCode.log_LineInfo] 2018-12-28 18:15:46,834 [INFO] CodeEngine:184 - oldGeneratedFile, \\VBOXSVR\bridge\STEVAL-SPIN3201-BullRunning-Encoder-B\Inc\mc_parameters.h_save
2018-12-28 18:15:47,118 INFO  [LineInfo_to_exitCode.log_LineInfo] Generated code: \\VBOXSVR\bridge\STEVAL-SPIN3201-BullRunning-Encoder-B\Inc\mc_parameters.h
2018-12-28 18:15:47,427 DEBUG [LineInfo_to_exitCode.log_LineInfo] 2018-12-28 18:15:47,427 [INFO] CodeEngine:184 - oldGeneratedFile, \\VBOXSVR\bridge\STEVAL-SPIN3201-BullRunning-Encoder-B\Src\mc_parameters.c_save
2018-12-28 18:15:47,679 INFO  [LineInfo_to_exitCode.log_LineInfo] Generated code: \\VBOXSVR\bridge\STEVAL-SPIN3201-BullRunning-Encoder-B\Src\mc_parameters.c
2018-12-28 18:15:47,774 DEBUG [LineInfo_to_exitCode.log_LineInfo] 2018-12-28 18:15:47,757 [INFO] CodeEngine:184 - oldGeneratedFile, \\VBOXSVR\bridge\STEVAL-SPIN3201-BullRunning-Encoder-B\Src\ui_task.c_save
2018-12-28 18:15:48,041 INFO  [LineInfo_to_exitCode.log_LineInfo] Generated code: \\VBOXSVR\bridge\STEVAL-SPIN3201-BullRunning-Encoder-B\Src\ui_task.c
2018-12-28 18:15:48,151 DEBUG [LineInfo_to_exitCode.log_LineInfo] 2018-12-28 18:15:48,151 [INFO] CodeEngine:184 - oldGeneratedFile, \\VBOXSVR\bridge\STEVAL-SPIN3201-BullRunning-Encoder-B\Inc\ui_task.h_save
2018-12-28 18:15:48,434 INFO  [LineInfo_to_exitCode.log_LineInfo] Generated code: \\VBOXSVR\bridge\STEVAL-SPIN3201-BullRunning-Encoder-B\Inc\ui_task.h
2018-12-28 18:15:48,606 DEBUG [LineInfo_to_exitCode.log_LineInfo] 2018-12-28 18:15:48,606 [INFO] CodeEngine:184 - oldGeneratedFile, \\VBOXSVR\bridge\STEVAL-SPIN3201-BullRunning-Encoder-B\Src\user_interface.c_save
2018-12-28 18:15:48,903 INFO  [LineInfo_to_exitCode.log_LineInfo] Generated code: \\VBOXSVR\bridge\STEVAL-SPIN3201-BullRunning-Encoder-B\Src\user_interface.c
2018-12-28 18:15:49,015 DEBUG [LineInfo_to_exitCode.log_LineInfo] 2018-12-28 18:15:49,015 [INFO] CodeEngine:184 - oldGeneratedFile, \\VBOXSVR\bridge\STEVAL-SPIN3201-BullRunning-Encoder-B\Inc\user_interface.h_save
2018-12-28 18:15:49,282 INFO  [LineInfo_to_exitCode.log_LineInfo] Generated code: \\VBOXSVR\bridge\STEVAL-SPIN3201-BullRunning-Encoder-B\Inc\user_interface.h
2018-12-28 18:15:49,424 DEBUG [LineInfo_to_exitCode.log_LineInfo] 2018-12-28 18:15:49,424 [INFO] CodeEngine:184 - oldGeneratedFile, \\VBOXSVR\bridge\STEVAL-SPIN3201-BullRunning-Encoder-B\Src\stm32f0xx_it.c_save
2018-12-28 18:15:49,848 INFO  [LineInfo_to_exitCode.log_LineInfo] Generated code: \\VBOXSVR\bridge\STEVAL-SPIN3201-BullRunning-Encoder-B\Src\stm32f0xx_it.c
2018-12-28 18:15:49,977 DEBUG [LineInfo_to_exitCode.log_LineInfo] 2018-12-28 18:15:49,977 [INFO] CodeEngine:184 - oldGeneratedFile, \\VBOXSVR\bridge\STEVAL-SPIN3201-BullRunning-Encoder-B\Inc\stm32f0xx_it.h_save
2018-12-28 18:15:50,228 INFO  [LineInfo_to_exitCode.log_LineInfo] Generated code: \\VBOXSVR\bridge\STEVAL-SPIN3201-BullRunning-Encoder-B\Inc\stm32f0xx_it.h
2018-12-28 18:15:50,386 DEBUG [LineInfo_to_exitCode.log_LineInfo] 2018-12-28 18:15:50,386 [INFO] CodeEngine:184 - oldGeneratedFile, \\VBOXSVR\bridge\STEVAL-SPIN3201-BullRunning-Encoder-B\Src\stm32f0xx_hal_msp.c_save
2018-12-28 18:15:50,844 INFO  [LineInfo_to_exitCode.log_LineInfo] Generated code: \\VBOXSVR\bridge\STEVAL-SPIN3201-BullRunning-Encoder-B\Src\stm32f0xx_hal_msp.c
2018-12-28 18:15:50,954 DEBUG [LineInfo_to_exitCode.log_LineInfo] 2018-12-28 18:15:50,954 [INFO] CodeEngine:184 - oldGeneratedFile, \\VBOXSVR\bridge\STEVAL-SPIN3201-BullRunning-Encoder-B\MXTmpFiles\system.tmp_save
2018-12-28 18:15:51,143 DEBUG [LineInfo_to_exitCode.log_LineInfo] 2018-12-28 18:15:51,143 [INFO] CodeEngine:202 - Generated code: \\VBOXSVR\bridge\STEVAL-SPIN3201-BullRunning-Encoder-B\MXTmpFiles\system.tmp
2018-12-28 18:15:51,253 DEBUG [LineInfo_to_exitCode.log_LineInfo] 2018-12-28 18:15:51,253 [INFO] CodeEngine:184 - oldGeneratedFile, \\VBOXSVR\bridge\STEVAL-SPIN3201-BullRunning-Encoder-B\Inc\stm32f0xx_hal_conf.h_save
2018-12-28 18:15:51,518 INFO  [LineInfo_to_exitCode.log_LineInfo] Generated code: \\VBOXSVR\bridge\STEVAL-SPIN3201-BullRunning-Encoder-B\Inc\stm32f0xx_hal_conf.h
2018-12-28 18:15:51,677 DEBUG [LineInfo_to_exitCode.log_LineInfo] 2018-12-28 18:15:51,677 [INFO] CodeEngine:184 - oldGeneratedFile, \\VBOXSVR\bridge\STEVAL-SPIN3201-BullRunning-Encoder-B\Inc\main.h_save
2018-12-28 18:15:51,975 INFO  [LineInfo_to_exitCode.log_LineInfo] Generated code: \\VBOXSVR\bridge\STEVAL-SPIN3201-BullRunning-Encoder-B\Inc\main.h
2018-12-28 18:15:52,084 DEBUG [LineInfo_to_exitCode.log_LineInfo] 2018-12-28 18:15:52,084 [INFO] CodeEngine:184 - oldGeneratedFile, \\VBOXSVR\bridge\STEVAL-SPIN3201-BullRunning-Encoder-B\Src\main.c_save
2018-12-28 18:15:52,539 INFO  [LineInfo_to_exitCode.log_LineInfo] Generated code: \\VBOXSVR\bridge\STEVAL-SPIN3201-BullRunning-Encoder-B\Src\main.c
2018-12-28 18:16:03,558 DEBUG [LineInfo_to_exitCode.log_LineInfo] 2018-12-28 18:16:03,558 [INFO] ProjectBuilder:1371 - Time for Copy HAL[0] : 10423mS.
2018-12-28 18:16:03,590 DEBUG [LineInfo_to_exitCode.log_LineInfo] 2018-12-28 18:16:03,590 [INFO] ProjectBuilder:1896 - Project Generator version: 2.30.0
2018-12-28 18:16:03,636 DEBUG [LineInfo_to_exitCode.log_LineInfo] 2018-12-28 18:16:03,636 [INFO] ConfigFileManager:751 - The Die is : DIE444
2018-12-28 18:17:04,307 DEBUG [LineInfo_to_exitCode.log_LineInfo] 2018-12-28 18:17:04,307 [INFO] ConfigFileManager:1117 - mx.scratch is deleted!
2018-12-28 18:17:04,307 DEBUG [LineInfo_to_exitCode.log_LineInfo] 2018-12-28 18:17:04,307 [INFO] ProjectBuilder:1961 - Time for Generating toolchain IDE Files: 60734mS.
2018-12-28 18:17:29,143 DEBUG [LineInfo_to_exitCode.log_LineInfo] 2018-12-28 18:17:29,143 [INFO] ProjectBuilder:1275 - Time for Copy CMSIS : 24836mS.
2018-12-28 18:17:45,213 DEBUG [LineInfo_to_exitCode.log_LineInfo] 2018-12-28 18:17:45,213 [INFO] ProjectBuilder:1275 - Time for Copy CMSIS : 15825mS.
2018-12-28 18:18:23,221 INFO  [Main.lambda$run$0] Code generation completed
2018-12-28 18:18:23,313 DEBUG [Main.lambda$run$0] System exists with return code 0
